[Fri Oct 17 15:58:05.139954 2025] [ssl:warn] [pid 2752:tid 712] AH01909: test1.ru:443:0 server certificate does NOT include an ID which matches the server name
[Fri Oct 17 15:58:05.139954 2025] [ssl:warn] [pid 2752:tid 712] AH01909: subdomain.test1.ru:443:0 server certificate does NOT include an ID which matches the server name
[Fri Oct 17 15:58:05.139954 2025] [ssl:warn] [pid 2752:tid 712] AH01909: subdomain.localhost:443:0 server certificate does NOT include an ID which matches the server name
[Fri Oct 17 15:58:05.139954 2025] [ssl:warn] [pid 2752:tid 712] AH01909: custom:443:0 server certificate does NOT include an ID which matches the server name
[Fri Oct 17 15:58:05.139954 2025] [ssl:warn] [pid 2752:tid 712] AH01909: localhost:443:0 server certificate does NOT include an ID which matches the server name
[Fri Oct 17 15:58:05.225627 2025] [ssl:warn] [pid 2752:tid 712] AH01909: test1.ru:443:0 server certificate does NOT include an ID which matches the server name
[Fri Oct 17 15:58:05.225627 2025] [ssl:warn] [pid 2752:tid 712] AH01909: subdomain.test1.ru:443:0 server certificate does NOT include an ID which matches the server name
[Fri Oct 17 15:58:05.225627 2025] [ssl:warn] [pid 2752:tid 712] AH01909: subdomain.localhost:443:0 server certificate does NOT include an ID which matches the server name
[Fri Oct 17 15:58:05.225627 2025] [ssl:warn] [pid 2752:tid 712] AH01909: custom:443:0 server certificate does NOT include an ID which matches the server name
[Fri Oct 17 15:58:05.225627 2025] [ssl:warn] [pid 2752:tid 712] AH01909: localhost:443:0 server certificate does NOT include an ID which matches the server name
Failed loading /usr/local/php5/ext\\usr\local\php5\ext\php_xdebug-2.4.1-7.0-vc14-nts.dll
[Fri Oct 17 15:58:05.298423 2025] [mpm_winnt:notice] [pid 2752:tid 712] AH00455: Apache/2.4.23 (Win32) OpenSSL/1.0.2h PHP/7.0.10 configured -- resuming normal operations
[Fri Oct 17 15:58:05.298423 2025] [mpm_winnt:notice] [pid 2752:tid 712] AH00456: Apache Lounge VC14 Server built: Jul  1 2016 11:09:37
[Fri Oct 17 15:58:05.298423 2025] [core:notice] [pid 2752:tid 712] AH00094: Command line: 'httpd.exe -d Z:/usr/local/apache'
[Fri Oct 17 15:58:05.305664 2025] [mpm_winnt:notice] [pid 2752:tid 712] AH00418: Parent: Created child process 21792
[Fri Oct 17 15:58:05.725612 2025] [ssl:warn] [pid 21792:tid 728] AH01909: test1.ru:443:0 server certificate does NOT include an ID which matches the server name
[Fri Oct 17 15:58:05.725612 2025] [ssl:warn] [pid 21792:tid 728] AH01909: subdomain.test1.ru:443:0 server certificate does NOT include an ID which matches the server name
[Fri Oct 17 15:58:05.725612 2025] [ssl:warn] [pid 21792:tid 728] AH01909: subdomain.localhost:443:0 server certificate does NOT include an ID which matches the server name
[Fri Oct 17 15:58:05.725612 2025] [ssl:warn] [pid 21792:tid 728] AH01909: custom:443:0 server certificate does NOT include an ID which matches the server name
[Fri Oct 17 15:58:05.725612 2025] [ssl:warn] [pid 21792:tid 728] AH01909: localhost:443:0 server certificate does NOT include an ID which matches the server name
[Fri Oct 17 15:58:05.805746 2025] [ssl:warn] [pid 21792:tid 728] AH01909: test1.ru:443:0 server certificate does NOT include an ID which matches the server name
[Fri Oct 17 15:58:05.805746 2025] [ssl:warn] [pid 21792:tid 728] AH01909: subdomain.test1.ru:443:0 server certificate does NOT include an ID which matches the server name
[Fri Oct 17 15:58:05.815522 2025] [ssl:warn] [pid 21792:tid 728] AH01909: subdomain.localhost:443:0 server certificate does NOT include an ID which matches the server name
[Fri Oct 17 15:58:05.815522 2025] [ssl:warn] [pid 21792:tid 728] AH01909: custom:443:0 server certificate does NOT include an ID which matches the server name
[Fri Oct 17 15:58:05.815522 2025] [ssl:warn] [pid 21792:tid 728] AH01909: localhost:443:0 server certificate does NOT include an ID which matches the server name
Failed loading /usr/local/php5/ext\\usr\local\php5\ext\php_xdebug-2.4.1-7.0-vc14-nts.dll
[Fri Oct 17 15:58:05.825750 2025] [mpm_winnt:notice] [pid 21792:tid 728] AH00354: Child: Starting 64 worker threads.
[Fri Oct 17 16:03:50.566703 2025] [:error] [pid 21792:tid 1380] [client 127.0.0.1:57104] PHP Warning:  mysqli_fetch_assoc() expects parameter 1 to be mysqli_result, boolean given in Z:\\home\\localhost\\www\\music\\tracks.php on line 271, referer: http://localhost/music/index.php
[Fri Oct 17 16:04:17.159738 2025] [:error] [pid 21792:tid 1380] [client 127.0.0.1:57109] PHP Warning:  mysqli_fetch_assoc() expects parameter 1 to be mysqli_result, boolean given in Z:\\home\\localhost\\www\\music\\tracks.php on line 271, referer: http://localhost/music/index.php
